[2025-05-21 12:26:28Z INFO HostContext] No proxy settings were found based on environmental variables (http_proxy/https_proxy/HTTP_PROXY/HTTPS_PROXY)
[2025-05-21 12:26:28Z INFO HostContext] Well known directory 'Bin': 'C:\Users\noahl\Desktop\tp\tp5\runner-auto-heberge\actions-runner\bin'
[2025-05-21 12:26:28Z INFO HostContext] Well known directory 'Root': 'C:\Users\noahl\Desktop\tp\tp5\runner-auto-heberge\actions-runner'
[2025-05-21 12:26:28Z INFO HostContext] Well known config file 'Credentials': 'C:\Users\noahl\Desktop\tp\tp5\runner-auto-heberge\actions-runner\.credentials'
[2025-05-21 12:26:28Z INFO HostContext] Well known directory 'Bin': 'C:\Users\noahl\Desktop\tp\tp5\runner-auto-heberge\actions-runner\bin'
[2025-05-21 12:26:28Z INFO HostContext] Well known directory 'Root': 'C:\Users\noahl\Desktop\tp\tp5\runner-auto-heberge\actions-runner'
[2025-05-21 12:26:28Z INFO HostContext] Well known config file 'Runner': 'C:\Users\noahl\Desktop\tp\tp5\runner-auto-heberge\actions-runner\.runner'
[2025-05-21 12:26:28Z INFO Listener] Runner is built for Windows (X64) - win-x64.
[2025-05-21 12:26:28Z INFO Listener] RuntimeInformation: Microsoft Windows 10.0.26100.
[2025-05-21 12:26:28Z INFO Listener] Version: 2.324.0
[2025-05-21 12:26:28Z INFO Listener] Commit: da3412efd49b1cf1a0fbdcbcee4e4ac4cc2177c8
[2025-05-21 12:26:28Z INFO Listener] Culture: fr-FR
[2025-05-21 12:26:28Z INFO Listener] UI Culture: fr-FR
[2025-05-21 12:26:28Z INFO HostContext] Well known directory 'Bin': 'C:\Users\noahl\Desktop\tp\tp5\runner-auto-heberge\actions-runner\bin'
[2025-05-21 12:26:28Z INFO HostContext] Well known directory 'Root': 'C:\Users\noahl\Desktop\tp\tp5\runner-auto-heberge\actions-runner'
[2025-05-21 12:26:28Z INFO Listener] Validating directory permissions for: 'C:\Users\noahl\Desktop\tp\tp5\runner-auto-heberge\actions-runner'
[2025-05-21 12:26:28Z INFO CommandLineParser] Parse
[2025-05-21 12:26:28Z INFO CommandLineParser] Parsing 1 args
[2025-05-21 12:26:28Z INFO CommandLineParser] parsing argument
[2025-05-21 12:26:28Z INFO CommandLineParser] HasArgs: False
[2025-05-21 12:26:28Z INFO CommandLineParser] Adding Command: remove
[2025-05-21 12:26:28Z INFO Listener] Arguments parsed
[2025-05-21 12:26:28Z INFO Runner] ExecuteCommand
[2025-05-21 12:26:28Z INFO ConfigurationStore] currentAssemblyLocation: C:\Users\noahl\Desktop\tp\tp5\runner-auto-heberge\actions-runner\bin\Runner.Listener.dll
[2025-05-21 12:26:28Z INFO HostContext] Well known directory 'Bin': 'C:\Users\noahl\Desktop\tp\tp5\runner-auto-heberge\actions-runner\bin'
[2025-05-21 12:26:28Z INFO ConfigurationStore] binPath: C:\Users\noahl\Desktop\tp\tp5\runner-auto-heberge\actions-runner\bin
[2025-05-21 12:26:28Z INFO HostContext] Well known directory 'Bin': 'C:\Users\noahl\Desktop\tp\tp5\runner-auto-heberge\actions-runner\bin'
[2025-05-21 12:26:28Z INFO HostContext] Well known directory 'Root': 'C:\Users\noahl\Desktop\tp\tp5\runner-auto-heberge\actions-runner'
[2025-05-21 12:26:28Z INFO ConfigurationStore] RootFolder: C:\Users\noahl\Desktop\tp\tp5\runner-auto-heberge\actions-runner
[2025-05-21 12:26:28Z INFO HostContext] Well known directory 'Bin': 'C:\Users\noahl\Desktop\tp\tp5\runner-auto-heberge\actions-runner\bin'
[2025-05-21 12:26:28Z INFO HostContext] Well known directory 'Root': 'C:\Users\noahl\Desktop\tp\tp5\runner-auto-heberge\actions-runner'
[2025-05-21 12:26:28Z INFO HostContext] Well known config file 'Runner': 'C:\Users\noahl\Desktop\tp\tp5\runner-auto-heberge\actions-runner\.runner'
[2025-05-21 12:26:28Z INFO ConfigurationStore] ConfigFilePath: C:\Users\noahl\Desktop\tp\tp5\runner-auto-heberge\actions-runner\.runner
[2025-05-21 12:26:28Z INFO HostContext] Well known directory 'Bin': 'C:\Users\noahl\Desktop\tp\tp5\runner-auto-heberge\actions-runner\bin'
[2025-05-21 12:26:28Z INFO HostContext] Well known directory 'Root': 'C:\Users\noahl\Desktop\tp\tp5\runner-auto-heberge\actions-runner'
[2025-05-21 12:26:28Z INFO HostContext] Well known config file 'MigratedRunner': 'C:\Users\noahl\Desktop\tp\tp5\runner-auto-heberge\actions-runner\.runner_migrated'
[2025-05-21 12:26:28Z INFO ConfigurationStore] MigratedConfigFilePath: C:\Users\noahl\Desktop\tp\tp5\runner-auto-heberge\actions-runner\.runner_migrated
[2025-05-21 12:26:28Z INFO HostContext] Well known directory 'Bin': 'C:\Users\noahl\Desktop\tp\tp5\runner-auto-heberge\actions-runner\bin'
[2025-05-21 12:26:28Z INFO HostContext] Well known directory 'Root': 'C:\Users\noahl\Desktop\tp\tp5\runner-auto-heberge\actions-runner'
[2025-05-21 12:26:28Z INFO HostContext] Well known config file 'Credentials': 'C:\Users\noahl\Desktop\tp\tp5\runner-auto-heberge\actions-runner\.credentials'
[2025-05-21 12:26:28Z INFO ConfigurationStore] CredFilePath: C:\Users\noahl\Desktop\tp\tp5\runner-auto-heberge\actions-runner\.credentials
[2025-05-21 12:26:28Z INFO HostContext] Well known directory 'Bin': 'C:\Users\noahl\Desktop\tp\tp5\runner-auto-heberge\actions-runner\bin'
[2025-05-21 12:26:28Z INFO HostContext] Well known directory 'Root': 'C:\Users\noahl\Desktop\tp\tp5\runner-auto-heberge\actions-runner'
[2025-05-21 12:26:28Z INFO HostContext] Well known config file 'MigratedCredentials': 'C:\Users\noahl\Desktop\tp\tp5\runner-auto-heberge\actions-runner\.credentials_migrated'
[2025-05-21 12:26:28Z INFO ConfigurationStore] MigratedCredFilePath: C:\Users\noahl\Desktop\tp\tp5\runner-auto-heberge\actions-runner\.credentials_migrated
[2025-05-21 12:26:28Z INFO HostContext] Well known directory 'Bin': 'C:\Users\noahl\Desktop\tp\tp5\runner-auto-heberge\actions-runner\bin'
[2025-05-21 12:26:28Z INFO HostContext] Well known directory 'Root': 'C:\Users\noahl\Desktop\tp\tp5\runner-auto-heberge\actions-runner'
[2025-05-21 12:26:28Z INFO HostContext] Well known config file 'Service': 'C:\Users\noahl\Desktop\tp\tp5\runner-auto-heberge\actions-runner\.service'
[2025-05-21 12:26:28Z INFO ConfigurationStore] ServiceConfigFilePath: C:\Users\noahl\Desktop\tp\tp5\runner-auto-heberge\actions-runner\.service
[2025-05-21 12:26:28Z INFO CommandSettings] Flag 'help': 'False'
[2025-05-21 12:26:28Z INFO CommandSettings] Flag 'version': 'False'
[2025-05-21 12:26:28Z INFO CommandSettings] Flag 'commit': 'False'
[2025-05-21 12:26:28Z INFO CommandSettings] Flag 'check': 'False'
[2025-05-21 12:26:28Z INFO CommandSettings] Command 'configure': 'False'
[2025-05-21 12:26:28Z INFO CommandSettings] Command 'remove': 'True'
[2025-05-21 12:26:28Z INFO CommandSettings] Flag 'local': 'False'
[2025-05-21 12:26:28Z INFO ConfigurationStore] IsServiceConfigured()
[2025-05-21 12:26:28Z INFO ConfigurationStore] IsServiceConfigured: False
[2025-05-21 12:26:28Z INFO ConfigurationStore] IsConfigured()
[2025-05-21 12:26:28Z INFO ConfigurationStore] IsConfigured: True
[2025-05-21 12:26:28Z INFO ConfigurationStore] HasCredentials()
[2025-05-21 12:26:28Z INFO ConfigurationStore] stored True
[2025-05-21 12:26:28Z INFO ConfigurationStore] Read setting file: 307 chars
[2025-05-21 12:26:28Z INFO CommandSettings] Arg 'token': ''
[2025-05-21 12:26:28Z INFO CommandSettings] Flag 'unattended': 'False'
[2025-05-21 12:26:28Z INFO PromptManager] ReadValue
[2025-05-21 12:26:28Z INFO Terminal] WRITE: Enter runner remove token: 
[2025-05-21 12:26:28Z INFO Terminal] READ SECRET
[2025-05-21 12:26:38Z INFO Terminal] Read value: '***'
[2025-05-21 12:26:38Z INFO ConfigurationManager] Http response code: OK from 'POST https://api.github.com/actions/runner-registration' (C069:3B45E3:164F2DDF:16FAF1B6:682DC67E)
[2025-05-21 12:26:38Z INFO ConfigurationManager] cred retrieved via GitHub auth
[2025-05-21 12:26:38Z INFO RunnerServer] EstablishVssConnection
[2025-05-21 12:26:38Z INFO RunnerServer] Establish connection with 100 seconds timeout.
[2025-05-21 12:26:38Z INFO GitHubActionsService] Starting operation Location.GetConnectionData
[2025-05-21 12:26:38Z INFO RunnerServer] EstablishVssConnection
[2025-05-21 12:26:38Z INFO RunnerServer] Establish connection with 60 seconds timeout.
[2025-05-21 12:26:38Z INFO GitHubActionsService] Starting operation Location.GetConnectionData
[2025-05-21 12:26:38Z INFO RunnerServer] EstablishVssConnection
[2025-05-21 12:26:38Z INFO RunnerServer] Establish connection with 60 seconds timeout.
[2025-05-21 12:26:38Z INFO GitHubActionsService] Starting operation Location.GetConnectionData
[2025-05-21 12:26:39Z INFO GitHubActionsService] Finished operation Location.GetConnectionData
[2025-05-21 12:26:39Z INFO GitHubActionsService] Finished operation Location.GetConnectionData
[2025-05-21 12:26:39Z INFO GitHubActionsService] Finished operation Location.GetConnectionData
[2025-05-21 12:26:39Z INFO Terminal] WRITE LINE: 
[2025-05-21 12:26:39Z INFO ConfigurationStore] IsConfigured()
[2025-05-21 12:26:39Z INFO ConfigurationStore] IsConfigured: True
[2025-05-21 12:26:39Z INFO ConfigurationStore] HasCredentials()
[2025-05-21 12:26:39Z INFO ConfigurationStore] stored True
[2025-05-21 12:26:39Z INFO HostContext] Well known directory 'Bin': 'C:\Users\noahl\Desktop\tp\tp5\runner-auto-heberge\actions-runner\bin'
[2025-05-21 12:26:39Z INFO HostContext] Well known directory 'Root': 'C:\Users\noahl\Desktop\tp\tp5\runner-auto-heberge\actions-runner'
[2025-05-21 12:26:39Z INFO HostContext] Well known config file 'RSACredentials': 'C:\Users\noahl\Desktop\tp\tp5\runner-auto-heberge\actions-runner\.credentials_rsaparams'
[2025-05-21 12:26:39Z INFO RSAEncryptedFileKeyManager] Deleting RSA key parameters file C:\Users\noahl\Desktop\tp\tp5\runner-auto-heberge\actions-runner\.credentials_rsaparams
[2025-05-21 12:26:39Z INFO Terminal] WRITE LINE: 
[2025-05-21 12:26:39Z INFO Listener] Runner execution has finished with return code 0
