[2025-05-21 12:27:12Z INFO HostContext] No proxy settings were found based on environmental variables (http_proxy/https_proxy/HTTP_PROXY/HTTPS_PROXY)
[2025-05-21 12:27:12Z INFO HostContext] Well known directory 'Bin': 'C:\Users\noahl\Desktop\tp\tp5\runner-auto-heberge\actions-runner\bin'
[2025-05-21 12:27:12Z INFO HostContext] Well known directory 'Root': 'C:\Users\noahl\Desktop\tp\tp5\runner-auto-heberge\actions-runner'
[2025-05-21 12:27:12Z INFO HostContext] Well known config file 'Credentials': 'C:\Users\noahl\Desktop\tp\tp5\runner-auto-heberge\actions-runner\.credentials'
[2025-05-21 12:27:12Z INFO HostContext] Well known directory 'Bin': 'C:\Users\noahl\Desktop\tp\tp5\runner-auto-heberge\actions-runner\bin'
[2025-05-21 12:27:12Z INFO HostContext] Well known directory 'Root': 'C:\Users\noahl\Desktop\tp\tp5\runner-auto-heberge\actions-runner'
[2025-05-21 12:27:12Z INFO HostContext] Well known config file 'Runner': 'C:\Users\noahl\Desktop\tp\tp5\runner-auto-heberge\actions-runner\.runner'
[2025-05-21 12:27:12Z INFO Listener] Runner is built for Windows (X64) - win-x64.
[2025-05-21 12:27:12Z INFO Listener] RuntimeInformation: Microsoft Windows 10.0.26100.
[2025-05-21 12:27:12Z INFO Listener] Version: 2.324.0
[2025-05-21 12:27:12Z INFO Listener] Commit: da3412efd49b1cf1a0fbdcbcee4e4ac4cc2177c8
[2025-05-21 12:27:12Z INFO Listener] Culture: fr-FR
[2025-05-21 12:27:12Z INFO Listener] UI Culture: fr-FR
[2025-05-21 12:27:12Z INFO HostContext] Well known directory 'Bin': 'C:\Users\noahl\Desktop\tp\tp5\runner-auto-heberge\actions-runner\bin'
[2025-05-21 12:27:12Z INFO HostContext] Well known directory 'Root': 'C:\Users\noahl\Desktop\tp\tp5\runner-auto-heberge\actions-runner'
[2025-05-21 12:27:12Z INFO Listener] Validating directory permissions for: 'C:\Users\noahl\Desktop\tp\tp5\runner-auto-heberge\actions-runner'
[2025-05-21 12:27:12Z INFO CommandLineParser] Parse
[2025-05-21 12:27:12Z INFO CommandLineParser] Parsing 1 args
[2025-05-21 12:27:12Z INFO CommandLineParser] parsing argument
[2025-05-21 12:27:12Z INFO CommandLineParser] HasArgs: False
[2025-05-21 12:27:12Z INFO CommandLineParser] Adding Command: run
[2025-05-21 12:27:12Z INFO Listener] Arguments parsed
[2025-05-21 12:27:12Z INFO Runner] ExecuteCommand
[2025-05-21 12:27:12Z INFO ConfigurationStore] currentAssemblyLocation: C:\Users\noahl\Desktop\tp\tp5\runner-auto-heberge\actions-runner\bin\Runner.Listener.dll
[2025-05-21 12:27:12Z INFO HostContext] Well known directory 'Bin': 'C:\Users\noahl\Desktop\tp\tp5\runner-auto-heberge\actions-runner\bin'
[2025-05-21 12:27:12Z INFO ConfigurationStore] binPath: C:\Users\noahl\Desktop\tp\tp5\runner-auto-heberge\actions-runner\bin
[2025-05-21 12:27:12Z INFO HostContext] Well known directory 'Bin': 'C:\Users\noahl\Desktop\tp\tp5\runner-auto-heberge\actions-runner\bin'
[2025-05-21 12:27:12Z INFO HostContext] Well known directory 'Root': 'C:\Users\noahl\Desktop\tp\tp5\runner-auto-heberge\actions-runner'
[2025-05-21 12:27:12Z INFO ConfigurationStore] RootFolder: C:\Users\noahl\Desktop\tp\tp5\runner-auto-heberge\actions-runner
[2025-05-21 12:27:12Z INFO HostContext] Well known directory 'Bin': 'C:\Users\noahl\Desktop\tp\tp5\runner-auto-heberge\actions-runner\bin'
[2025-05-21 12:27:12Z INFO HostContext] Well known directory 'Root': 'C:\Users\noahl\Desktop\tp\tp5\runner-auto-heberge\actions-runner'
[2025-05-21 12:27:12Z INFO HostContext] Well known config file 'Runner': 'C:\Users\noahl\Desktop\tp\tp5\runner-auto-heberge\actions-runner\.runner'
[2025-05-21 12:27:12Z INFO ConfigurationStore] ConfigFilePath: C:\Users\noahl\Desktop\tp\tp5\runner-auto-heberge\actions-runner\.runner
[2025-05-21 12:27:12Z INFO HostContext] Well known directory 'Bin': 'C:\Users\noahl\Desktop\tp\tp5\runner-auto-heberge\actions-runner\bin'
[2025-05-21 12:27:12Z INFO HostContext] Well known directory 'Root': 'C:\Users\noahl\Desktop\tp\tp5\runner-auto-heberge\actions-runner'
[2025-05-21 12:27:12Z INFO HostContext] Well known config file 'MigratedRunner': 'C:\Users\noahl\Desktop\tp\tp5\runner-auto-heberge\actions-runner\.runner_migrated'
[2025-05-21 12:27:12Z INFO ConfigurationStore] MigratedConfigFilePath: C:\Users\noahl\Desktop\tp\tp5\runner-auto-heberge\actions-runner\.runner_migrated
[2025-05-21 12:27:12Z INFO HostContext] Well known directory 'Bin': 'C:\Users\noahl\Desktop\tp\tp5\runner-auto-heberge\actions-runner\bin'
[2025-05-21 12:27:12Z INFO HostContext] Well known directory 'Root': 'C:\Users\noahl\Desktop\tp\tp5\runner-auto-heberge\actions-runner'
[2025-05-21 12:27:12Z INFO HostContext] Well known config file 'Credentials': 'C:\Users\noahl\Desktop\tp\tp5\runner-auto-heberge\actions-runner\.credentials'
[2025-05-21 12:27:12Z INFO ConfigurationStore] CredFilePath: C:\Users\noahl\Desktop\tp\tp5\runner-auto-heberge\actions-runner\.credentials
[2025-05-21 12:27:12Z INFO HostContext] Well known directory 'Bin': 'C:\Users\noahl\Desktop\tp\tp5\runner-auto-heberge\actions-runner\bin'
[2025-05-21 12:27:12Z INFO HostContext] Well known directory 'Root': 'C:\Users\noahl\Desktop\tp\tp5\runner-auto-heberge\actions-runner'
[2025-05-21 12:27:12Z INFO HostContext] Well known config file 'MigratedCredentials': 'C:\Users\noahl\Desktop\tp\tp5\runner-auto-heberge\actions-runner\.credentials_migrated'
[2025-05-21 12:27:12Z INFO ConfigurationStore] MigratedCredFilePath: C:\Users\noahl\Desktop\tp\tp5\runner-auto-heberge\actions-runner\.credentials_migrated
[2025-05-21 12:27:12Z INFO HostContext] Well known directory 'Bin': 'C:\Users\noahl\Desktop\tp\tp5\runner-auto-heberge\actions-runner\bin'
[2025-05-21 12:27:12Z INFO HostContext] Well known directory 'Root': 'C:\Users\noahl\Desktop\tp\tp5\runner-auto-heberge\actions-runner'
[2025-05-21 12:27:12Z INFO HostContext] Well known config file 'Service': 'C:\Users\noahl\Desktop\tp\tp5\runner-auto-heberge\actions-runner\.service'
[2025-05-21 12:27:12Z INFO ConfigurationStore] ServiceConfigFilePath: C:\Users\noahl\Desktop\tp\tp5\runner-auto-heberge\actions-runner\.service
[2025-05-21 12:27:12Z INFO CommandSettings] Flag 'help': 'False'
[2025-05-21 12:27:12Z INFO CommandSettings] Flag 'version': 'False'
[2025-05-21 12:27:12Z INFO CommandSettings] Flag 'commit': 'False'
[2025-05-21 12:27:12Z INFO CommandSettings] Flag 'check': 'False'
[2025-05-21 12:27:12Z INFO CommandSettings] Command 'configure': 'False'
[2025-05-21 12:27:12Z INFO CommandSettings] Command 'remove': 'False'
[2025-05-21 12:27:12Z INFO CommandSettings] Command 'warmup': 'False'
[2025-05-21 12:27:12Z INFO ConfigurationManager] LoadSettings
[2025-05-21 12:27:12Z INFO ConfigurationStore] IsConfigured()
[2025-05-21 12:27:12Z INFO ConfigurationStore] IsConfigured: True
[2025-05-21 12:27:12Z INFO ConfigurationManager] Is configured: True
[2025-05-21 12:27:12Z INFO ConfigurationStore] Read setting file: 307 chars
[2025-05-21 12:27:12Z INFO ConfigurationManager] Settings Loaded
[2025-05-21 12:27:12Z INFO ConfigurationStore] IsServiceConfigured()
[2025-05-21 12:27:12Z INFO ConfigurationStore] IsServiceConfigured: True
[2025-05-21 12:27:12Z INFO CommandSettings] Command 'run': 'True'
[2025-05-21 12:27:12Z INFO ConfigurationStore] IsConfigured()
[2025-05-21 12:27:12Z INFO ConfigurationStore] IsConfigured: True
[2025-05-21 12:27:12Z INFO ConfigurationManager] Is configured: True
[2025-05-21 12:27:12Z INFO Runner] Try determine runner startup type base on console redirects.
[2025-05-21 12:27:12Z INFO Runner] Set runner startup type - Manual
[2025-05-21 12:27:12Z INFO CommandSettings] Flag 'once': 'False'
[2025-05-21 12:27:12Z INFO CommandSettings] Flag 'once': 'False'
[2025-05-21 12:27:12Z INFO Runner] RunAsync
[2025-05-21 12:27:12Z INFO ConfigurationManager] LoadMigratedSettings
[2025-05-21 12:27:12Z INFO ConfigurationStore] IsMigratedConfigured()
[2025-05-21 12:27:12Z INFO ConfigurationStore] IsMigratedConfigured: False
[2025-05-21 12:27:12Z INFO Runner] Failed to load migrated settings: No migrated configuration found.
[2025-05-21 12:27:12Z INFO Runner] Falling back to original .runner settings
[2025-05-21 12:27:12Z INFO ConfigurationManager] LoadSettings
[2025-05-21 12:27:12Z INFO ConfigurationStore] IsConfigured()
[2025-05-21 12:27:12Z INFO ConfigurationStore] IsConfigured: True
[2025-05-21 12:27:12Z INFO ConfigurationManager] Is configured: True
[2025-05-21 12:27:12Z INFO ConfigurationManager] Settings Loaded
[2025-05-21 12:27:12Z INFO MessageListener] {
  "AgentId": 3,
  "AgentName": "TERA",
  "PoolId": 1,
  "PoolName": "Default",
  "ServerUrl": "https://pipelinesghubeus25.actions.githubusercontent.com/fzlNuKH44pIKonlssTsHpOjB5Ga65jGyvczJWo41fAUsI71Y7q/",
  "GitHubUrl": "https://github.com/louineau/runner-auto-heberge",
  "WorkFolder": "_work"
}
[2025-05-21 12:27:12Z INFO MessageListener] Loading Credentials
[2025-05-21 12:27:12Z INFO ConfigurationStore] HasCredentials()
[2025-05-21 12:27:12Z INFO ConfigurationStore] stored True
[2025-05-21 12:27:12Z INFO CredentialManager] GetCredentialProvider
[2025-05-21 12:27:12Z INFO CredentialManager] Creating type OAuth
[2025-05-21 12:27:12Z INFO CredentialManager] Creating credential type: OAuth
[2025-05-21 12:27:12Z INFO HostContext] Well known directory 'Bin': 'C:\Users\noahl\Desktop\tp\tp5\runner-auto-heberge\actions-runner\bin'
[2025-05-21 12:27:12Z INFO HostContext] Well known directory 'Root': 'C:\Users\noahl\Desktop\tp\tp5\runner-auto-heberge\actions-runner'
[2025-05-21 12:27:12Z INFO HostContext] Well known config file 'RSACredentials': 'C:\Users\noahl\Desktop\tp\tp5\runner-auto-heberge\actions-runner\.credentials_rsaparams'
[2025-05-21 12:27:12Z INFO RSAEncryptedFileKeyManager] Loading RSA key parameters from file C:\Users\noahl\Desktop\tp\tp5\runner-auto-heberge\actions-runner\.credentials_rsaparams
[2025-05-21 12:27:12Z INFO MessageListener] Attempt to create session.
[2025-05-21 12:27:12Z INFO MessageListener] Connecting to the Runner Server...
[2025-05-21 12:27:12Z INFO RunnerServer] EstablishVssConnection
[2025-05-21 12:27:12Z INFO RunnerServer] Establish connection with 100 seconds timeout.
[2025-05-21 12:27:12Z INFO GitHubActionsService] Starting operation Location.GetConnectionData
[2025-05-21 12:27:12Z INFO RunnerServer] EstablishVssConnection
[2025-05-21 12:27:12Z INFO RunnerServer] Establish connection with 60 seconds timeout.
[2025-05-21 12:27:12Z INFO GitHubActionsService] Starting operation Location.GetConnectionData
[2025-05-21 12:27:12Z INFO RunnerServer] EstablishVssConnection
[2025-05-21 12:27:12Z INFO RunnerServer] Establish connection with 60 seconds timeout.
[2025-05-21 12:27:12Z INFO GitHubActionsService] Starting operation Location.GetConnectionData
[2025-05-21 12:27:13Z INFO GitHubActionsService] Finished operation Location.GetConnectionData
[2025-05-21 12:27:13Z INFO GitHubActionsService] Finished operation Location.GetConnectionData
[2025-05-21 12:27:13Z INFO GitHubActionsService] Finished operation Location.GetConnectionData
[2025-05-21 12:27:13Z INFO MessageListener] VssConnection created
[2025-05-21 12:27:13Z INFO Terminal] WRITE LINE: 
[2025-05-21 12:27:13Z INFO Terminal] WRITE LINE: 
[2025-05-21 12:27:13Z INFO RSAEncryptedFileKeyManager] Loading RSA key parameters from file C:\Users\noahl\Desktop\tp\tp5\runner-auto-heberge\actions-runner\.credentials_rsaparams
[2025-05-21 12:27:13Z INFO RSAEncryptedFileKeyManager] Loading RSA key parameters from file C:\Users\noahl\Desktop\tp\tp5\runner-auto-heberge\actions-runner\.credentials_rsaparams
[2025-05-21 12:27:14Z INFO GitHubActionsService] AAD Correlation ID for this token request: Unknown
[2025-05-21 12:27:14Z INFO MessageListener] Session created.
[2025-05-21 12:27:14Z INFO MessageListener] Registering AuthMigrationChanged event handler.
[2025-05-21 12:27:14Z INFO Terminal] WRITE LINE: Current runner version: '2.324.0'
[2025-05-21 12:27:14Z INFO Terminal] WRITE LINE: 2025-05-21 12:27:14Z: Listening for Jobs
[2025-05-21 12:27:14Z INFO JobDispatcher] Set runner/worker IPC timeout to 30 seconds.
[2025-05-21 12:27:14Z INFO ConfigurationStore] HasCredentials()
[2025-05-21 12:27:14Z INFO ConfigurationStore] stored True
[2025-05-21 12:27:14Z INFO CredentialManager] GetCredentialProvider
[2025-05-21 12:27:14Z INFO CredentialManager] Creating type OAuth
[2025-05-21 12:27:14Z INFO CredentialManager] Creating credential type: OAuth
[2025-05-21 12:27:14Z INFO RSAEncryptedFileKeyManager] Loading RSA key parameters from file C:\Users\noahl\Desktop\tp\tp5\runner-auto-heberge\actions-runner\.credentials_rsaparams
[2025-05-21 12:27:14Z INFO RSAEncryptedFileKeyManager] Loading RSA key parameters from file C:\Users\noahl\Desktop\tp\tp5\runner-auto-heberge\actions-runner\.credentials_rsaparams
[2025-05-21 12:27:14Z INFO RSAEncryptedFileKeyManager] Loading RSA key parameters from file C:\Users\noahl\Desktop\tp\tp5\runner-auto-heberge\actions-runner\.credentials_rsaparams
[2025-05-21 12:27:14Z INFO GitHubActionsService] AAD Correlation ID for this token request: Unknown
[2025-05-21 12:28:05Z INFO ConfigurationStore] HasCredentials()
[2025-05-21 12:28:05Z INFO ConfigurationStore] stored True
[2025-05-21 12:28:05Z INFO CredentialManager] GetCredentialProvider
[2025-05-21 12:28:05Z INFO CredentialManager] Creating type OAuth
[2025-05-21 12:28:05Z INFO CredentialManager] Creating credential type: OAuth
[2025-05-21 12:28:05Z INFO RSAEncryptedFileKeyManager] Loading RSA key parameters from file C:\Users\noahl\Desktop\tp\tp5\runner-auto-heberge\actions-runner\.credentials_rsaparams
[2025-05-21 12:28:55Z INFO ConfigurationStore] HasCredentials()
[2025-05-21 12:28:55Z INFO ConfigurationStore] stored True
[2025-05-21 12:28:55Z INFO CredentialManager] GetCredentialProvider
[2025-05-21 12:28:55Z INFO CredentialManager] Creating type OAuth
[2025-05-21 12:28:55Z INFO CredentialManager] Creating credential type: OAuth
[2025-05-21 12:28:55Z INFO RSAEncryptedFileKeyManager] Loading RSA key parameters from file C:\Users\noahl\Desktop\tp\tp5\runner-auto-heberge\actions-runner\.credentials_rsaparams
[2025-05-21 12:29:45Z INFO ConfigurationStore] HasCredentials()
[2025-05-21 12:29:45Z INFO ConfigurationStore] stored True
[2025-05-21 12:29:45Z INFO CredentialManager] GetCredentialProvider
[2025-05-21 12:29:45Z INFO CredentialManager] Creating type OAuth
[2025-05-21 12:29:45Z INFO CredentialManager] Creating credential type: OAuth
[2025-05-21 12:29:45Z INFO RSAEncryptedFileKeyManager] Loading RSA key parameters from file C:\Users\noahl\Desktop\tp\tp5\runner-auto-heberge\actions-runner\.credentials_rsaparams
[2025-05-21 12:30:36Z INFO ConfigurationStore] HasCredentials()
[2025-05-21 12:30:36Z INFO ConfigurationStore] stored True
[2025-05-21 12:30:36Z INFO CredentialManager] GetCredentialProvider
[2025-05-21 12:30:36Z INFO CredentialManager] Creating type OAuth
[2025-05-21 12:30:36Z INFO CredentialManager] Creating credential type: OAuth
[2025-05-21 12:30:36Z INFO RSAEncryptedFileKeyManager] Loading RSA key parameters from file C:\Users\noahl\Desktop\tp\tp5\runner-auto-heberge\actions-runner\.credentials_rsaparams
[2025-05-21 12:31:26Z INFO ConfigurationStore] HasCredentials()
[2025-05-21 12:31:26Z INFO ConfigurationStore] stored True
[2025-05-21 12:31:26Z INFO CredentialManager] GetCredentialProvider
[2025-05-21 12:31:26Z INFO CredentialManager] Creating type OAuth
[2025-05-21 12:31:26Z INFO CredentialManager] Creating credential type: OAuth
[2025-05-21 12:31:26Z INFO RSAEncryptedFileKeyManager] Loading RSA key parameters from file C:\Users\noahl\Desktop\tp\tp5\runner-auto-heberge\actions-runner\.credentials_rsaparams
[2025-05-21 12:32:16Z INFO ConfigurationStore] HasCredentials()
[2025-05-21 12:32:16Z INFO ConfigurationStore] stored True
[2025-05-21 12:32:16Z INFO CredentialManager] GetCredentialProvider
[2025-05-21 12:32:16Z INFO CredentialManager] Creating type OAuth
[2025-05-21 12:32:16Z INFO CredentialManager] Creating credential type: OAuth
[2025-05-21 12:32:16Z INFO RSAEncryptedFileKeyManager] Loading RSA key parameters from file C:\Users\noahl\Desktop\tp\tp5\runner-auto-heberge\actions-runner\.credentials_rsaparams
